build/app/intermediates/manifest_merge_blame_file/debug/manifest-merger-blame-debug-report.txt
1<?xml version="1.0" encoding="utf-8"?>
2<manifest xmlns:android="http://schemas.android.com/apk/res/android"
3    package="com.geekguns.fcm_msg"
4    android:versionCode="1"
5    android:versionName="1.0.0" >
6
7    <uses-sdk
8        android:minSdkVersion="19"
9        android:targetSdkVersion="31" />
10    <!--
11         Flutter needs it to communicate with the running application
12         to allow setting breakpoints, to provide hot reload, etc.
13    -->
14    <uses-permission android:name="android.permission.INTERNET" />
14-->src/debug/AndroidManifest.xml:6:5-66
14-->src/debug/AndroidManifest.xml:6:22-64
15    <uses-permission android:name="android.permission.WAKE_LOCK" />
15-->[:firebase_messaging] AndroidManifest.xml:8:5-68
15-->[:firebase_messaging] AndroidManifest.xml:8:22-65
16    <uses-permission android:name="android.permission.ACCESS_NETWORK_STATE" />
16-->[:firebase_messaging] AndroidManifest.xml:9:5-79
16-->[:firebase_messaging] AndroidManifest.xml:9:22-76
17    <uses-permission android:name="android.permission.RECEIVE_BOOT_COMPLETED" />
17-->[:flutter_local_notifications] AndroidManifest.xml:7:5-81
17-->[:flutter_local_notifications] AndroidManifest.xml:7:22-78
18    <uses-permission android:name="android.permission.VIBRATE" />
18-->[:flutter_local_notifications] AndroidManifest.xml:8:5-66
18-->[:flutter_local_notifications] AndroidManifest.xml:8:22-63
19    <uses-permission android:name="android.permission.USE_FULL_SCREEN_INTENT" />
19-->[:flutter_local_notifications] AndroidManifest.xml:9:5-81
19-->[:flutter_local_notifications] AndroidManifest.xml:9:22-78
20    <uses-permission android:name="android.permission.SCHEDULE_EXACT_ALARM" /> <!-- Required by older versions of Google Play services to create IID tokens -->
20-->[:flutter_local_notifications] AndroidManifest.xml:10:5-79
20-->[:flutter_local_notifications] AndroidManifest.xml:10:22-76
21    <uses-permission android:name="com.google.android.c2dm.permission.RECEIVE" />
21-->[com.google.firebase:firebase-messaging:23.0.0] AndroidManifest.xml:25:5-82
21-->[com.google.firebase:firebase-messaging:23.0.0] AndroidManifest.xml:25:22-79
22
23    <application
24        android:name="android.app.Application"
25        android:appComponentFactory="androidx.core.app.CoreComponentFactory"
25-->[androidx.core:core:1.6.0] AndroidManifest.xml:24:18-86
26        android:debuggable="true"
27        android:icon="@mipmap/ic_launcher"
28        android:label="fcm_msg" >
29        <activity
30            android:name="com.geekguns.fcm_msg.MainActivity"
31            android:configChanges="orientation|keyboardHidden|keyboard|screenSize|smallestScreenSize|locale|layoutDirection|fontScale|screenLayout|density|uiMode"
32            android:exported="true"
33            android:hardwareAccelerated="true"
34            android:launchMode="singleTop"
35            android:theme="@style/LaunchTheme"
36            android:windowSoftInputMode="adjustResize" >
37
38            <!--
39                 Specifies an Android theme to apply to this Activity as soon as
40                 the Android process has started. This theme is visible to the user
41                 while the Flutter UI initializes. After that, this theme continues
42                 to determine the Window background behind the Flutter UI.
43            -->
44            <meta-data
45                android:name="io.flutter.embedding.android.NormalTheme"
46                android:resource="@style/NormalTheme" />
47
48            <intent-filter>
49                <action android:name="android.intent.action.MAIN" />
50
51                <category android:name="android.intent.category.LAUNCHER" />
52            </intent-filter>
53        </activity>
54        <!--
55             Don't delete the meta-data below.
56             This is used by the Flutter tool to generate GeneratedPluginRegistrant.java
57        -->
58        <meta-data
59            android:name="flutterEmbedding"
60            android:value="2" />
61
62        <service
62-->[:firebase_messaging] AndroidManifest.xml:12:9-15:72
63            android:name="io.flutter.plugins.firebase.messaging.FlutterFirebaseMessagingBackgroundService"
63-->[:firebase_messaging] AndroidManifest.xml:13:13-107
64            android:exported="false"
64-->[:firebase_messaging] AndroidManifest.xml:14:13-37
65            android:permission="android.permission.BIND_JOB_SERVICE" />
65-->[:firebase_messaging] AndroidManifest.xml:15:13-69
66        <service
66-->[:firebase_messaging] AndroidManifest.xml:16:9-22:19
67            android:name="io.flutter.plugins.firebase.messaging.FlutterFirebaseMessagingService"
67-->[:firebase_messaging] AndroidManifest.xml:17:13-97
68            android:exported="false" >
68-->[:firebase_messaging] AndroidManifest.xml:18:13-37
69            <intent-filter>
69-->[:firebase_messaging] AndroidManifest.xml:19:13-21:29
70                <action android:name="com.google.firebase.MESSAGING_EVENT" />
70-->[:firebase_messaging] AndroidManifest.xml:20:17-78
70-->[:firebase_messaging] AndroidManifest.xml:20:25-75
71            </intent-filter>
72        </service>
73
74        <receiver
74-->[:firebase_messaging] AndroidManifest.xml:24:9-31:20
75            android:name="io.flutter.plugins.firebase.messaging.FlutterFirebaseMessagingReceiver"
75-->[:firebase_messaging] AndroidManifest.xml:25:13-98
76            android:exported="true"
76-->[:firebase_messaging] AndroidManifest.xml:26:13-36
77            android:permission="com.google.android.c2dm.permission.SEND" >
77-->[:firebase_messaging] AndroidManifest.xml:27:13-73
78            <intent-filter>
78-->[:firebase_messaging] AndroidManifest.xml:28:13-30:29
79                <action android:name="com.google.android.c2dm.intent.RECEIVE" />
79-->[:firebase_messaging] AndroidManifest.xml:29:17-81
79-->[:firebase_messaging] AndroidManifest.xml:29:25-78
80            </intent-filter>
81        </receiver>
82
83        <service
83-->[:firebase_messaging] AndroidManifest.xml:33:9-37:19
84            android:name="com.google.firebase.components.ComponentDiscoveryService"
84-->[:firebase_messaging] AndroidManifest.xml:33:18-89
85            android:directBootAware="true"
85-->[com.google.firebase:firebase-common:20.0.0] AndroidManifest.xml:35:13-43
86            android:exported="false" >
86-->[com.google.firebase:firebase-messaging:23.0.0] AndroidManifest.xml:51:13-37
87            <meta-data
87-->[:firebase_messaging] AndroidManifest.xml:34:13-36:85
88                android:name="com.google.firebase.components:io.flutter.plugins.firebase.messaging.FlutterFirebaseAppRegistrar"
88-->[:firebase_messaging] AndroidManifest.xml:35:17-128
89                android:value="com.google.firebase.components.ComponentRegistrar" />
89-->[:firebase_messaging] AndroidManifest.xml:36:17-82
90            <meta-data
90-->[:firebase_core] AndroidManifest.xml:9:13-11:85
91                android:name="com.google.firebase.components:io.flutter.plugins.firebase.core.FlutterFirebaseCoreRegistrar"
91-->[:firebase_core] AndroidManifest.xml:10:17-124
92                android:value="com.google.firebase.components.ComponentRegistrar" />
92-->[:firebase_core] AndroidManifest.xml:11:17-82
93            <meta-data
93-->[com.google.firebase:firebase-messaging:23.0.0] AndroidManifest.xml:52:13-54:85
94                android:name="com.google.firebase.components:com.google.firebase.messaging.FirebaseMessagingRegistrar"
94-->[com.google.firebase:firebase-messaging:23.0.0] AndroidManifest.xml:53:17-119
95                android:value="com.google.firebase.components.ComponentRegistrar" />
95-->[com.google.firebase:firebase-messaging:23.0.0] AndroidManifest.xml:54:17-82
96            <meta-data
96-->[com.google.firebase:firebase-datatransport:18.0.0] AndroidManifest.xml:28:13-30:85
97                android:name="com.google.firebase.components:com.google.firebase.datatransport.TransportRegistrar"
97-->[com.google.firebase:firebase-datatransport:18.0.0] AndroidManifest.xml:29:17-115
98                android:value="com.google.firebase.components.ComponentRegistrar" />
98-->[com.google.firebase:firebase-datatransport:18.0.0] AndroidManifest.xml:30:17-82
99            <meta-data
99-->[com.google.firebase:firebase-installations:17.0.0] AndroidManifest.xml:18:13-20:85
100                android:name="com.google.firebase.components:com.google.firebase.installations.FirebaseInstallationsRegistrar"
100-->[com.google.firebase:firebase-installations:17.0.0] AndroidManifest.xml:19:17-127
101                android:value="com.google.firebase.components.ComponentRegistrar" />
101-->[com.google.firebase:firebase-installations:17.0.0] AndroidManifest.xml:20:17-82
102        </service>
103
104        <provider
104-->[:firebase_messaging] AndroidManifest.xml:39:9-43:38
105            android:name="io.flutter.plugins.firebase.messaging.FlutterFirebaseMessagingInitProvider"
105-->[:firebase_messaging] AndroidManifest.xml:40:13-102
106            android:authorities="com.geekguns.fcm_msg.flutterfirebasemessaginginitprovider"
106-->[:firebase_messaging] AndroidManifest.xml:41:13-88
107            android:exported="false"
107-->[:firebase_messaging] AndroidManifest.xml:42:13-37
108            android:initOrder="99" />
108-->[:firebase_messaging] AndroidManifest.xml:43:13-35
109
110        <receiver
110-->[:flutter_local_notifications] AndroidManifest.xml:13:9-15:40
111            android:name="com.dexterous.flutterlocalnotifications.ScheduledNotificationReceiver"
111-->[:flutter_local_notifications] AndroidManifest.xml:14:13-97
112            android:exported="false" />
112-->[:flutter_local_notifications] AndroidManifest.xml:15:13-37
113        <receiver
113-->[:flutter_local_notifications] AndroidManifest.xml:16:9-25:20
114            android:name="com.dexterous.flutterlocalnotifications.ScheduledNotificationBootReceiver"
114-->[:flutter_local_notifications] AndroidManifest.xml:17:13-101
115            android:exported="false" >
115-->[:flutter_local_notifications] AndroidManifest.xml:18:13-37
116            <intent-filter>
116-->[:flutter_local_notifications] AndroidManifest.xml:19:13-24:29
117                <action android:name="android.intent.action.BOOT_COMPLETED" />
117-->[:flutter_local_notifications] AndroidManifest.xml:20:17-79
117-->[:flutter_local_notifications] AndroidManifest.xml:20:25-76
118                <action android:name="android.intent.action.MY_PACKAGE_REPLACED" />
118-->[:flutter_local_notifications] AndroidManifest.xml:21:17-84
118-->[:flutter_local_notifications] AndroidManifest.xml:21:25-81
119                <action android:name="android.intent.action.QUICKBOOT_POWERON" />
119-->[:flutter_local_notifications] AndroidManifest.xml:22:17-82
119-->[:flutter_local_notifications] AndroidManifest.xml:22:25-79
120                <action android:name="com.htc.intent.action.QUICKBOOT_POWERON" />
120-->[:flutter_local_notifications] AndroidManifest.xml:23:17-82
120-->[:flutter_local_notifications] AndroidManifest.xml:23:25-79
121            </intent-filter>
122        </receiver>
123
124        <uses-library
124-->[androidx.window:window:1.0.0-beta04] AndroidManifest.xml:25:9-27:40
125            android:name="androidx.window.extensions"
125-->[androidx.window:window:1.0.0-beta04] AndroidManifest.xml:26:13-54
126            android:required="false" />
126-->[androidx.window:window:1.0.0-beta04] AndroidManifest.xml:27:13-37
127        <uses-library
127-->[androidx.window:window:1.0.0-beta04] AndroidManifest.xml:28:9-30:40
128            android:name="androidx.window.sidecar"
128-->[androidx.window:window:1.0.0-beta04] AndroidManifest.xml:29:13-51
129            android:required="false" />
129-->[androidx.window:window:1.0.0-beta04] AndroidManifest.xml:30:13-37
130
131        <receiver
131-->[com.google.firebase:firebase-messaging:23.0.0] AndroidManifest.xml:28:9-35:20
132            android:name="com.google.firebase.iid.FirebaseInstanceIdReceiver"
132-->[com.google.firebase:firebase-messaging:23.0.0] AndroidManifest.xml:29:13-78
133            android:exported="true"
133-->[com.google.firebase:firebase-messaging:23.0.0] AndroidManifest.xml:30:13-36
134            android:permission="com.google.android.c2dm.permission.SEND" >
134-->[com.google.firebase:firebase-messaging:23.0.0] AndroidManifest.xml:31:13-73
135            <intent-filter>
135-->[:firebase_messaging] AndroidManifest.xml:28:13-30:29
136                <action android:name="com.google.android.c2dm.intent.RECEIVE" />
136-->[:firebase_messaging] AndroidManifest.xml:29:17-81
136-->[:firebase_messaging] AndroidManifest.xml:29:25-78
137            </intent-filter>
138        </receiver>
139        <!--
140             FirebaseMessagingService performs security checks at runtime,
141             but set to not exported to explicitly avoid allowing another app to call it.
142        -->
143        <service
143-->[com.google.firebase:firebase-messaging:23.0.0] AndroidManifest.xml:41:9-48:19
144            android:name="com.google.firebase.messaging.FirebaseMessagingService"
144-->[com.google.firebase:firebase-messaging:23.0.0] AndroidManifest.xml:42:13-82
145            android:directBootAware="true"
145-->[com.google.firebase:firebase-messaging:23.0.0] AndroidManifest.xml:43:13-43
146            android:exported="false" >
146-->[com.google.firebase:firebase-messaging:23.0.0] AndroidManifest.xml:44:13-37
147            <intent-filter android:priority="-500" >
147-->[:firebase_messaging] AndroidManifest.xml:19:13-21:29
148                <action android:name="com.google.firebase.MESSAGING_EVENT" />
148-->[:firebase_messaging] AndroidManifest.xml:20:17-78
148-->[:firebase_messaging] AndroidManifest.xml:20:25-75
149            </intent-filter>
150        </service>
151
152        <provider
152-->[com.google.firebase:firebase-common:20.0.0] AndroidManifest.xml:26:9-31:39
153            android:name="com.google.firebase.provider.FirebaseInitProvider"
153-->[com.google.firebase:firebase-common:20.0.0] AndroidManifest.xml:27:13-77
154            android:authorities="com.geekguns.fcm_msg.firebaseinitprovider"
154-->[com.google.firebase:firebase-common:20.0.0] AndroidManifest.xml:28:13-72
155            android:directBootAware="true"
155-->[com.google.firebase:firebase-common:20.0.0] AndroidManifest.xml:29:13-43
156            android:exported="false"
156-->[com.google.firebase:firebase-common:20.0.0] AndroidManifest.xml:30:13-37
157            android:initOrder="100" />
157-->[com.google.firebase:firebase-common:20.0.0] AndroidManifest.xml:31:13-36
158
159        <meta-data
159-->[com.google.android.gms:play-services-basement:17.0.0] AndroidManifest.xml:23:9-25:69
160            android:name="com.google.android.gms.version"
160-->[com.google.android.gms:play-services-basement:17.0.0] AndroidManifest.xml:24:13-58
161            android:value="@integer/google_play_services_version" />
161-->[com.google.android.gms:play-services-basement:17.0.0] AndroidManifest.xml:25:13-66
162
163        <service
163-->[com.google.android.datatransport:transport-backend-cct:3.0.0] AndroidManifest.xml:29:9-35:19
164            android:name="com.google.android.datatransport.runtime.backends.TransportBackendDiscovery"
164-->[com.google.android.datatransport:transport-backend-cct:3.0.0] AndroidManifest.xml:30:13-103
165            android:exported="false" >
165-->[com.google.android.datatransport:transport-backend-cct:3.0.0] AndroidManifest.xml:31:13-37
166            <meta-data
166-->[com.google.android.datatransport:transport-backend-cct:3.0.0] AndroidManifest.xml:32:13-34:39
167                android:name="backend:com.google.android.datatransport.cct.CctBackendFactory"
167-->[com.google.android.datatransport:transport-backend-cct:3.0.0] AndroidManifest.xml:33:17-94
168                android:value="cct" />
168-->[com.google.android.datatransport:transport-backend-cct:3.0.0] AndroidManifest.xml:34:17-36
169        </service>
170        <service
170-->[com.google.android.datatransport:transport-runtime:3.0.0] AndroidManifest.xml:26:9-30:19
171            android:name="com.google.android.datatransport.runtime.scheduling.jobscheduling.JobInfoSchedulerService"
171-->[com.google.android.datatransport:transport-runtime:3.0.0] AndroidManifest.xml:27:13-117
172            android:exported="false"
172-->[com.google.android.datatransport:transport-runtime:3.0.0] AndroidManifest.xml:28:13-37
173            android:permission="android.permission.BIND_JOB_SERVICE" >
173-->[com.google.android.datatransport:transport-runtime:3.0.0] AndroidManifest.xml:29:13-69
174        </service>
175
176        <receiver
176-->[com.google.android.datatransport:transport-runtime:3.0.0] AndroidManifest.xml:32:9-34:40
177            android:name="com.google.android.datatransport.runtime.scheduling.jobscheduling.AlarmManagerSchedulerBroadcastReceiver"
177-->[com.google.android.datatransport:transport-runtime:3.0.0] AndroidManifest.xml:33:13-132
178            android:exported="false" />
178-->[com.google.android.datatransport:transport-runtime:3.0.0] AndroidManifest.xml:34:13-37
179    </application>
180
181</manifest>